{
  "stats": {
    "suites": 1,
    "tests": 1,
    "passes": 1,
    "pending": 0,
    "failures": 0,
    "start": "2023-06-16T09:36:13.793Z",
    "end": "2023-06-16T09:36:13.970Z",
    "duration": 177,
    "testsRegistered": 1,
    "passPercent": 100,
    "pendingPercent": 0,
    "other": 0,
    "hasOther": false,
    "skipped": 0,
    "hasSkipped": false
  },
  "results": [
    {
      "uuid": "e617d901-8081-4919-a813-edb0f06a4543",
      "title": "",
      "fullFile": "cypress/e2e/integration/login.cy.js",
      "file": "cypress/e2e/integration/login.cy.js",
      "beforeHooks": [],
      "afterHooks": [],
      "tests": [],
      "suites": [
        {
          "uuid": "6a66d7b5-ce10-4ca8-8c6c-f5b0bfade5f5",
          "title": "Login",
          "fullFile": "",
          "file": "",
          "beforeHooks": [],
          "afterHooks": [],
          "tests": [
            {
              "title": "Deve fazer login com sucesso",
              "fullTitle": "Login Deve fazer login com sucesso",
              "timedOut": null,
              "duration": 127,
              "state": "passed",
              "speed": "fast",
              "pass": true,
              "fail": false,
              "pending": false,
              "context": null,
              "code": "cy.request({\n  method: 'POST',\n  url: 'login',\n  body: {\n    \"email\": \"fulano@qa.com\",\n    \"password\": \"teste\"\n  }\n}).then(response => {\n  expect(response.status).to.equal(200);\n  expect(response.body.message).to.equal('Login realizado com sucesso');\n  cy.log(response.body.authorization);\n});",
              "err": {},
              "uuid": "4505ede5-26b3-47a7-ab7b-535211b316ae",
              "parentUUID": "6a66d7b5-ce10-4ca8-8c6c-f5b0bfade5f5",
              "isHook": false,
              "skipped": false
            }
          ],
          "suites": [],
          "passes": [
            "4505ede5-26b3-47a7-ab7b-535211b316ae"
          ],
          "failures": [],
          "pending": [],
          "skipped": [],
          "duration": 127,
          "root": false,
          "rootEmpty": false,
          "_timeout": 2000
        }
      ],
      "passes": [],
      "failures": [],
      "pending": [],
      "skipped": [],
      "duration": 0,
      "root": true,
      "rootEmpty": true,
      "_timeout": 2000
    }
  ],
  "meta": {
    "mocha": {
      "version": "7.0.1"
    },
    "mochawesome": {
      "options": {
        "quiet": false,
        "reportFilename": "mochawesome",
        "saveHtml": false,
        "saveJson": true,
        "consoleReporter": "spec",
        "useInlineDiffs": false,
        "code": true
      },
      "version": "6.2.2"
    },
    "marge": {
      "options": {
        "reportDir": "mochawesome-report",
        "overwrite": false,
        "html": false,
        "json": true
      },
      "version": "5.2.0"
    }
  }
}